2018-04-05 13:21:26,264 INFO  [org.jboss.modules] (main) JBoss Modules version 1.5.2.Final
2018-04-05 13:21:26,392 INFO  [org.jboss.msc] (main) JBoss MSC version 1.2.6.Final
2018-04-05 13:21:26,445 INFO  [org.jboss.as] (MSC service thread 1-7) WFLYSRV0049: WildFly Full 10.1.0.Final (WildFly Core 2.2.0.Final) starting
2018-04-05 13:21:26,446 DEBUG [org.jboss.as.config] (MSC service thread 1-7) Configured system properties:
	[Standalone] = 
	awt.toolkit = sun.awt.X11.XToolkit
	file.encoding = ANSI_X3.4-1968
	file.encoding.pkg = sun.io
	file.separator = /
	java.awt.graphicsenv = sun.awt.X11GraphicsEnvironment
	java.awt.headless = true
	java.awt.printerjob = sun.print.PSPrinterJob
	java.class.path = /opt/jboss/wildfly/jboss-modules.jar
	java.class.version = 52.0
	java.endorsed.dirs = /usr/lib/jvm/java-1.8.0-openjdk-1.8.0.151-1.b12.el7_4.x86_64/jre/lib/endorsed
	java.ext.dirs = /usr/lib/jvm/java-1.8.0-openjdk-1.8.0.151-1.b12.el7_4.x86_64/jre/lib/ext:/usr/java/packages/lib/ext
	java.home = /usr/lib/jvm/java-1.8.0-openjdk-1.8.0.151-1.b12.el7_4.x86_64/jre
	java.io.tmpdir = /tmp
	java.library.path = /usr/java/packages/lib/amd64:/usr/lib64:/lib64:/lib:/usr/lib
	java.net.preferIPv4Stack = true
	java.runtime.name = OpenJDK Runtime Environment
	java.runtime.version = 1.8.0_151-b12
	java.specification.name = Java Platform API Specification
	java.specification.vendor = Oracle Corporation
	java.specification.version = 1.8
	java.util.logging.manager = org.jboss.logmanager.LogManager
	java.vendor = Oracle Corporation
	java.vendor.url = http://java.oracle.com/
	java.vendor.url.bug = http://bugreport.sun.com/bugreport/
	java.version = 1.8.0_151
	java.vm.info = mixed mode
	java.vm.name = OpenJDK 64-Bit Server VM
	java.vm.specification.name = Java Virtual Machine Specification
	java.vm.specification.vendor = Oracle Corporation
	java.vm.specification.version = 1.8
	java.vm.vendor = Oracle Corporation
	java.vm.version = 25.151-b12
	javax.management.builder.initial = org.jboss.as.jmx.PluggableMBeanServerBuilder
	javax.xml.datatype.DatatypeFactory = __redirected.__DatatypeFactory
	javax.xml.parsers.DocumentBuilderFactory = __redirected.__DocumentBuilderFactory
	javax.xml.parsers.SAXParserFactory = __redirected.__SAXParserFactory
	javax.xml.stream.XMLEventFactory = __redirected.__XMLEventFactory
	javax.xml.stream.XMLInputFactory = __redirected.__XMLInputFactory
	javax.xml.stream.XMLOutputFactory = __redirected.__XMLOutputFactory
	javax.xml.transform.TransformerFactory = __redirected.__TransformerFactory
	javax.xml.validation.SchemaFactory:http://www.w3.org/2001/XMLSchema = __redirected.__SchemaFactory
	javax.xml.xpath.XPathFactory:http://java.sun.com/jaxp/xpath/dom = __redirected.__XPathFactory
	jboss.bind.address = 0.0.0.0
	jboss.bind.address.management = 0.0.0.0
	jboss.home.dir = /opt/jboss/wildfly
	jboss.host.name = 74a69c176a12
	jboss.modules.dir = /opt/jboss/wildfly/modules
	jboss.modules.system.pkgs = org.jboss.byteman
	jboss.node.name = 74a69c176a12
	jboss.qualified.host.name = 74a69c176a12
	jboss.server.base.dir = /opt/jboss/wildfly/standalone
	jboss.server.config.dir = /opt/jboss/wildfly/standalone/configuration
	jboss.server.data.dir = /opt/jboss/wildfly/standalone/data
	jboss.server.deploy.dir = /opt/jboss/wildfly/standalone/data/content
	jboss.server.log.dir = /opt/jboss/wildfly/standalone/log
	jboss.server.name = 74a69c176a12
	jboss.server.persist.config = true
	jboss.server.temp.dir = /opt/jboss/wildfly/standalone/tmp
	line.separator = 

	logging.configuration = file:/opt/jboss/wildfly/standalone/configuration/logging.properties
	module.path = /opt/jboss/wildfly/modules
	org.jboss.boot.log.file = /opt/jboss/wildfly/standalone/log/server.log
	org.jboss.resolver.warning = true
	org.xml.sax.driver = __redirected.__XMLReaderFactory
	os.arch = amd64
	os.name = Linux
	os.version = 4.15.13-041513-generic
	path.separator = :
	sun.arch.data.model = 64
	sun.boot.class.path = /usr/lib/jvm/java-1.8.0-openjdk-1.8.0.151-1.b12.el7_4.x86_64/jre/lib/resources.jar:/usr/lib/jvm/java-1.8.0-openjdk-1.8.0.151-1.b12.el7_4.x86_64/jre/lib/rt.jar:/usr/lib/jvm/java-1.8.0-openjdk-1.8.0.151-1.b12.el7_4.x86_64/jre/lib/sunrsasign.jar:/usr/lib/jvm/java-1.8.0-openjdk-1.8.0.151-1.b12.el7_4.x86_64/jre/lib/jsse.jar:/usr/lib/jvm/java-1.8.0-openjdk-1.8.0.151-1.b12.el7_4.x86_64/jre/lib/jce.jar:/usr/lib/jvm/java-1.8.0-openjdk-1.8.0.151-1.b12.el7_4.x86_64/jre/lib/charsets.jar:/usr/lib/jvm/java-1.8.0-openjdk-1.8.0.151-1.b12.el7_4.x86_64/jre/lib/jfr.jar:/usr/lib/jvm/java-1.8.0-openjdk-1.8.0.151-1.b12.el7_4.x86_64/jre/classes
	sun.boot.library.path = /usr/lib/jvm/java-1.8.0-openjdk-1.8.0.151-1.b12.el7_4.x86_64/jre/lib/amd64
	sun.cpu.endian = little
	sun.cpu.isalist = 
	sun.io.unicode.encoding = UnicodeLittle
	sun.java.command = /opt/jboss/wildfly/jboss-modules.jar -mp /opt/jboss/wildfly/modules org.jboss.as.standalone -Djboss.home.dir=/opt/jboss/wildfly -Djboss.server.base.dir=/opt/jboss/wildfly/standalone -b 0.0.0.0 -bmanagement 0.0.0.0 -c standalone-full.xml
	sun.java.launcher = SUN_STANDARD
	sun.jnu.encoding = ANSI_X3.4-1968
	sun.management.compiler = HotSpot 64-Bit Tiered Compilers
	sun.os.patch.level = unknown
	user.country = US
	user.dir = /opt/jboss
	user.home = /opt/jboss
	user.language = en
	user.name = jboss
	user.timezone = UTC
2018-04-05 13:21:26,446 DEBUG [org.jboss.as.config] (MSC service thread 1-7) VM Arguments: -D[Standalone] -Xms64m -Xmx512m -XX:MetaspaceSize=96M -XX:MaxMetaspaceSize=256m -Djava.net.preferIPv4Stack=true -Djboss.modules.system.pkgs=org.jboss.byteman -Djava.awt.headless=true -Dorg.jboss.boot.log.file=/opt/jboss/wildfly/standalone/log/server.log -Dlogging.configuration=file:/opt/jboss/wildfly/standalone/configuration/logging.properties 
2018-04-05 13:21:27,138 INFO  [org.jboss.as.server] (Controller Boot Thread) WFLYSRV0039: Creating http management service using socket-binding (management-http)
2018-04-05 13:21:27,150 INFO  [org.xnio] (MSC service thread 1-5) XNIO version 3.4.0.Final
2018-04-05 13:21:27,156 INFO  [org.xnio.nio] (MSC service thread 1-5) XNIO NIO Implementation Version 3.4.0.Final
2018-04-05 13:21:27,185 INFO  [org.jboss.as.clustering.infinispan] (ServerService Thread Pool -- 41) WFLYCLINF0001: Activating Infinispan subsystem.
2018-04-05 13:21:27,186 INFO  [org.wildfly.extension.io] (ServerService Thread Pool -- 40) WFLYIO001: Worker 'default' has auto-configured to 16 core threads with 128 task threads based on your 8 available processors
2018-04-05 13:21:27,188 INFO  [org.jboss.as.connector.subsystems.datasources] (ServerService Thread Pool -- 36) WFLYJCA0004: Deploying JDBC-compliant driver class org.h2.Driver (version 1.3)
2018-04-05 13:21:27,204 INFO  [org.wildfly.iiop.openjdk] (ServerService Thread Pool -- 42) WFLYIIOP0001: Activating IIOP Subsystem
2018-04-05 13:21:27,213 INFO  [org.jboss.remoting] (MSC service thread 1-5) JBoss Remoting version 4.0.21.Final
2018-04-05 13:21:27,231 INFO  [org.jboss.as.jsf] (ServerService Thread Pool -- 48) WFLYJSF0007: Activated the following JSF Implementations: [main]
2018-04-05 13:21:27,232 WARN  [org.jboss.as.txn] (ServerService Thread Pool -- 60) WFLYTX0013: Node identifier property is set to the default value. Please make sure it is unique.
2018-04-05 13:21:27,240 INFO  [org.jboss.as.naming] (ServerService Thread Pool -- 52) WFLYNAM0001: Activating Naming Subsystem
2018-04-05 13:21:27,261 INFO  [org.jboss.as.security] (ServerService Thread Pool -- 59) WFLYSEC0002: Activating Security Subsystem
2018-04-05 13:21:27,262 INFO  [org.jboss.as.webservices] (ServerService Thread Pool -- 62) WFLYWS0002: Activating WebServices Extension
2018-04-05 13:21:27,262 INFO  [org.jboss.as.connector] (MSC service thread 1-7) WFLYJCA0009: Starting JCA Subsystem (WildFly/IronJacamar 1.3.4.Final)
2018-04-05 13:21:27,267 INFO  [org.jboss.as.security] (MSC service thread 1-5) WFLYSEC0001: Current PicketBox version=4.9.6.Final
2018-04-05 13:21:27,267 INFO  [org.jboss.as.connector.deployers.jdbc] (MSC service thread 1-2) WFLYJCA0018: Started Driver service with driver-name = h2
2018-04-05 13:21:27,279 INFO  [org.wildfly.extension.undertow] (MSC service thread 1-2) WFLYUT0003: Undertow 1.4.0.Final starting
2018-04-05 13:21:27,343 INFO  [org.jboss.as.naming] (MSC service thread 1-1) WFLYNAM0003: Starting Naming Service
2018-04-05 13:21:27,348 INFO  [org.jboss.as.mail.extension] (MSC service thread 1-7) WFLYMAIL0001: Bound mail session [java:jboss/mail/Default]
2018-04-05 13:21:27,363 INFO  [org.jboss.as.ejb3] (MSC service thread 1-5) WFLYEJB0481: Strict pool slsb-strict-max-pool is using a max instance size of 128 (per class), which is derived from thread worker pool sizing.
2018-04-05 13:21:27,363 INFO  [org.jboss.as.ejb3] (MSC service thread 1-6) WFLYEJB0482: Strict pool mdb-strict-max-pool is using a max instance size of 32 (per class), which is derived from the number of CPUs on this host.
2018-04-05 13:21:27,410 INFO  [org.wildfly.extension.undertow] (ServerService Thread Pool -- 61) WFLYUT0014: Creating file handler for path '/opt/jboss/wildfly/welcome-content' with options [directory-listing: 'false', follow-symlink: 'false', case-sensitive: 'true', safe-symlink-paths: '[]']
2018-04-05 13:21:27,422 INFO  [org.wildfly.extension.undertow] (MSC service thread 1-5) WFLYUT0012: Started server default-server.
2018-04-05 13:21:27,424 INFO  [org.wildfly.extension.undertow] (MSC service thread 1-6) WFLYUT0018: Host default-host starting
2018-04-05 13:21:27,466 INFO  [org.wildfly.extension.undertow] (MSC service thread 1-5) WFLYUT0006: Undertow HTTP listener default listening on 0.0.0.0:8080
2018-04-05 13:21:27,562 INFO  [org.jboss.as.connector.subsystems.datasources] (MSC service thread 1-7) WFLYJCA0001: Bound data source [java:jboss/datasources/ExampleDS]
2018-04-05 13:21:27,567 INFO  [org.wildfly.iiop.openjdk] (MSC service thread 1-3) WFLYIIOP0009: CORBA ORB Service started
2018-04-05 13:21:27,581 INFO  [org.wildfly.extension.messaging-activemq] (MSC service thread 1-5) WFLYMSGAMQ0075: AIO wasn't located on this platform, it will fall back to using pure Java NIO. Your platform is Linux, install LibAIO to enable the AIO journal and achieve optimal performance.
2018-04-05 13:21:27,607 WARN  [org.jboss.as.domain.management.security] (MSC service thread 1-4) WFLYDM0111: Keystore /opt/jboss/wildfly/standalone/configuration/application.keystore not found, it will be auto generated on first use with a self signed certificate for host localhost
2018-04-05 13:21:27,623 INFO  [org.jboss.as.server.deployment.scanner] (MSC service thread 1-5) WFLYDS0013: Started FileSystemDeploymentService for directory /opt/jboss/wildfly/standalone/deployments
2018-04-05 13:21:27,773 INFO  [org.apache.activemq.artemis.core.server] (ServerService Thread Pool -- 64) AMQ221000: live Message Broker is starting with configuration Broker Configuration (clustered=false,journalDirectory=/opt/jboss/wildfly/standalone/data/activemq/journal,bindingsDirectory=/opt/jboss/wildfly/standalone/data/activemq/bindings,largeMessagesDirectory=/opt/jboss/wildfly/standalone/data/activemq/largemessages,pagingDirectory=/opt/jboss/wildfly/standalone/data/activemq/paging)
2018-04-05 13:21:27,801 INFO  [org.apache.activemq.artemis.core.server] (ServerService Thread Pool -- 64) AMQ221013: Using NIO Journal
2018-04-05 13:21:27,807 INFO  [org.infinispan.factories.GlobalComponentRegistry] (MSC service thread 1-1) ISPN000128: Infinispan version: Infinispan 'Chakra' 8.2.4.Final
2018-04-05 13:21:27,812 INFO  [org.wildfly.extension.undertow] (MSC service thread 1-5) WFLYUT0006: Undertow HTTPS listener https listening on 0.0.0.0:8443
2018-04-05 13:21:27,831 INFO  [org.infinispan.configuration.cache.EvictionConfigurationBuilder] (ServerService Thread Pool -- 68) ISPN000152: Passivation configured without an eviction policy being selected. Only manually evicted entities will be passivated.
2018-04-05 13:21:27,832 INFO  [org.infinispan.configuration.cache.EvictionConfigurationBuilder] (ServerService Thread Pool -- 68) ISPN000152: Passivation configured without an eviction policy being selected. Only manually evicted entities will be passivated.
2018-04-05 13:21:27,832 INFO  [org.infinispan.configuration.cache.EvictionConfigurationBuilder] (ServerService Thread Pool -- 67) ISPN000152: Passivation configured without an eviction policy being selected. Only manually evicted entities will be passivated.
2018-04-05 13:21:27,833 INFO  [org.infinispan.configuration.cache.EvictionConfigurationBuilder] (ServerService Thread Pool -- 67) ISPN000152: Passivation configured without an eviction policy being selected. Only manually evicted entities will be passivated.
2018-04-05 13:21:27,833 INFO  [org.infinispan.configuration.cache.EvictionConfigurationBuilder] (ServerService Thread Pool -- 69) ISPN000152: Passivation configured without an eviction policy being selected. Only manually evicted entities will be passivated.
2018-04-05 13:21:27,834 INFO  [org.infinispan.configuration.cache.EvictionConfigurationBuilder] (ServerService Thread Pool -- 69) ISPN000152: Passivation configured without an eviction policy being selected. Only manually evicted entities will be passivated.
2018-04-05 13:21:27,862 INFO  [org.jboss.ws.common.management] (MSC service thread 1-5) JBWS022052: Starting JBossWS 5.1.5.Final (Apache CXF 3.1.6) 
2018-04-05 13:21:27,890 INFO  [org.apache.activemq.artemis.core.server] (ServerService Thread Pool -- 64) AMQ221043: Protocol module found: [artemis-server]. Adding protocol support for: CORE
2018-04-05 13:21:27,895 INFO  [org.apache.activemq.artemis.core.server] (ServerService Thread Pool -- 64) AMQ221043: Protocol module found: [artemis-amqp-protocol]. Adding protocol support for: AMQP
2018-04-05 13:21:27,903 INFO  [org.apache.activemq.artemis.core.server] (ServerService Thread Pool -- 64) AMQ221043: Protocol module found: [artemis-hornetq-protocol]. Adding protocol support for: HORNETQ
2018-04-05 13:21:27,905 INFO  [org.apache.activemq.artemis.core.server] (ServerService Thread Pool -- 64) AMQ221043: Protocol module found: [artemis-stomp-protocol]. Adding protocol support for: STOMP
2018-04-05 13:21:27,996 INFO  [org.wildfly.extension.messaging-activemq] (MSC service thread 1-3) WFLYMSGAMQ0016: Registered HTTP upgrade for activemq-remoting protocol handled by http-acceptor-throughput acceptor
2018-04-05 13:21:27,996 INFO  [org.wildfly.extension.messaging-activemq] (MSC service thread 1-1) WFLYMSGAMQ0016: Registered HTTP upgrade for activemq-remoting protocol handled by http-acceptor-throughput acceptor
2018-04-05 13:21:27,996 INFO  [org.wildfly.extension.messaging-activemq] (MSC service thread 1-6) WFLYMSGAMQ0016: Registered HTTP upgrade for activemq-remoting protocol handled by http-acceptor acceptor
2018-04-05 13:21:27,996 INFO  [org.wildfly.extension.messaging-activemq] (MSC service thread 1-2) WFLYMSGAMQ0016: Registered HTTP upgrade for activemq-remoting protocol handled by http-acceptor acceptor
2018-04-05 13:21:28,098 INFO  [org.apache.activemq.artemis.core.server] (ServerService Thread Pool -- 64) AMQ221007: Server is now live
2018-04-05 13:21:28,099 INFO  [org.apache.activemq.artemis.core.server] (ServerService Thread Pool -- 64) AMQ221001: Apache ActiveMQ Artemis Message Broker version 1.1.0.wildfly-017 [nodeID=3f09d031-38d4-11e8-a0b8-852973df54b8] 
2018-04-05 13:21:28,101 INFO  [org.apache.activemq.artemis.jms.server] (ServerService Thread Pool -- 64) AMQ121005: Invalid "host" value "0.0.0.0" detected for "http-connector" connector. Switching to "74a69c176a12". If this new address is incorrect please manually configure the connector to use the proper one.
2018-04-05 13:21:28,114 INFO  [org.wildfly.extension.messaging-activemq] (ServerService Thread Pool -- 64) WFLYMSGAMQ0002: Bound messaging object to jndi name java:jboss/exported/jms/RemoteConnectionFactory
2018-04-05 13:21:28,128 INFO  [org.apache.activemq.artemis.core.server] (ServerService Thread Pool -- 66) AMQ221003: trying to deploy queue jms.queue.ExpiryQueue
2018-04-05 13:21:28,152 INFO  [org.jboss.as.connector.deployment] (MSC service thread 1-7) WFLYJCA0007: Registered connection factory java:/JmsXA
2018-04-05 13:21:28,157 INFO  [org.apache.activemq.artemis.core.server] (ServerService Thread Pool -- 67) AMQ221003: trying to deploy queue jms.queue.DLQ
2018-04-05 13:21:28,159 INFO  [org.wildfly.extension.messaging-activemq] (ServerService Thread Pool -- 69) WFLYMSGAMQ0002: Bound messaging object to jndi name java:/ConnectionFactory
2018-04-05 13:21:28,188 INFO  [org.apache.activemq.artemis.ra] (MSC service thread 1-7) Resource adaptor started
2018-04-05 13:21:28,188 INFO  [org.jboss.as.connector.services.resourceadapters.ResourceAdapterActivatorService$ResourceAdapterActivator] (MSC service thread 1-7) IJ020002: Deployed: file://RaActivatoractivemq-ra
2018-04-05 13:21:28,189 INFO  [org.jboss.as.connector.deployment] (MSC service thread 1-4) WFLYJCA0002: Bound JCA ConnectionFactory [java:/JmsXA]
2018-04-05 13:21:28,189 INFO  [org.wildfly.extension.messaging-activemq] (MSC service thread 1-5) WFLYMSGAMQ0002: Bound messaging object to jndi name java:jboss/DefaultJMSConnectionFactory
2018-04-05 13:21:28,260 INFO  [org.jboss.as] (Controller Boot Thread) WFLYSRV0060: Http management interface listening on http://0.0.0.0:9990/management
2018-04-05 13:21:28,260 INFO  [org.jboss.as] (Controller Boot Thread) WFLYSRV0051: Admin console listening on http://0.0.0.0:9990
2018-04-05 13:21:28,260 INFO  [org.jboss.as] (Controller Boot Thread) WFLYSRV0025: WildFly Full 10.1.0.Final (WildFly Core 2.2.0.Final) started in 2229ms - Started 370 of 615 services (408 services are lazy, passive or on-demand)
2018-04-05 13:21:31,697 INFO  [org.jboss.as.repository] (management-handler-thread - 1) WFLYDR0001: Content added at location /opt/jboss/wildfly/standalone/data/content/65/571cf8c23b2f9ec9d9cccec8d8c4f2e4a394d3/content
2018-04-05 13:21:31,713 INFO  [org.jboss.as.server.deployment] (MSC service thread 1-3) WFLYSRV0027: Starting deployment of "test.war" (runtime-name: "test.war")
2018-04-05 13:21:32,058 INFO  [org.wildfly.extension.undertow] (ServerService Thread Pool -- 14) WFLYUT0021: Registered web context: /test
2018-04-05 13:21:32,091 INFO  [org.jboss.as.server] (management-handler-thread - 1) WFLYSRV0010: Deployed "test.war" (runtime-name : "test.war")
2018-04-05 13:21:32,273 INFO  [org.wildfly.extension.undertow] (ServerService Thread Pool -- 14) WFLYUT0022: Unregistered web context: /test
2018-04-05 13:21:32,281 INFO  [org.jboss.as.server.deployment] (MSC service thread 1-5) WFLYSRV0028: Stopped deployment test.war (runtime-name: test.war) in 12ms
2018-04-05 13:21:32,291 WARN  [org.jboss.as.controller] (management-handler-thread - 2) WFLYCTL0357: Notification of type deployment-undeployed is not described for the resource at the address []
2018-04-05 13:21:32,293 INFO  [org.jboss.as.repository] (management-handler-thread - 2) WFLYDR0002: Content removed from location /opt/jboss/wildfly/standalone/data/content/65/571cf8c23b2f9ec9d9cccec8d8c4f2e4a394d3/content
2018-04-05 13:21:32,293 INFO  [org.jboss.as.server] (management-handler-thread - 2) WFLYSRV0009: Undeployed "test.war" (runtime-name: "test.war")
